[debug] [2025-09-25T19:33:58.091Z] ----------------------------------------------------------------------
[debug] [2025-09-25T19:33:58.093Z] Command:       /usr/local/share/nvm/versions/node/v22.17.0/bin/node /home/codespace/nvm/current/bin/firebase init
[debug] [2025-09-25T19:33:58.093Z] CLI Version:   14.17.0
[debug] [2025-09-25T19:33:58.093Z] Platform:      linux
[debug] [2025-09-25T19:33:58.093Z] Node Version:  v22.17.0
[debug] [2025-09-25T19:33:58.094Z] Time:          Thu Sep 25 2025 19:33:58 GMT+0000 (Coordinated Universal Time)
[debug] [2025-09-25T19:33:58.094Z] Env Overrides: GITHUB_API_URL, GITHUB_API_URL
[debug] [2025-09-25T19:33:58.094Z] ----------------------------------------------------------------------
[debug] 
[debug] [2025-09-25T19:33:58.099Z] > command requires scopes: ["email","openid","https://www.googleapis.com/auth/cloudplatformprojects.readonly","https://www.googleapis.com/auth/firebase","https://www.googleapis.com/auth/cloud-platform"]
[debug] [2025-09-25T19:33:58.100Z] > authorizing via signed-in user (lalolironis@gmail.com)
[info] 
     ######## #### ########  ######## ########     ###     ######  ########
     ##        ##  ##     ## ##       ##     ##  ##   ##  ##       ##
     ######    ##  ########  ######   ########  #########  ######  ######
     ##        ##  ##    ##  ##       ##     ## ##     ##       ## ##
     ##       #### ##     ## ######## ########  ##     ##  ######  ########

You're about to initialize a Firebase project in this directory:

  /workspaces/Reto---Tienda-Online/mi-app/src/app/features/productos

Before we get started, keep in mind:

  * You are currently outside your home directory

[debug] [2025-09-25T19:38:21.809Z] ExitPromptError: User force closed the prompt with SIGINT
    at Interface.sigint (/usr/local/share/nvm/versions/node/v22.17.0/lib/node_modules/firebase-tools/node_modules/@inquirer/core/dist/commonjs/lib/create-prompt.js:101:37)
    at Interface.emit (node:events:518:28)
    at Interface.emit (node:domain:489:12)
    at [_ttyWrite] [as _ttyWrite] (node:internal/readline/interface:1132:18)
    at ReadStream.onkeypress (node:internal/readline/interface:271:20)
    at ReadStream.emit (node:events:530:35)
    at ReadStream.emit (node:domain:489:12)
    at emitKeys (node:internal/readline/utils:370:14)
    at emitKeys.next (<anonymous>)
    at ReadStream.onData (node:internal/readline/emitKeypressEvents:64:36)
[error] 
[error] Error: An unexpected error has occurred.
